\BOOKMARK [0][-]{chapter.1}{\376\377\000I\000n\000t\000r\000o\000d\000u\000c\000t\000i\000o\000n}{}% 1
\BOOKMARK [1][-]{section.1.1}{\376\377\000P\000r\000o\000j\000e\000c\000t\000\040\000G\000o\000a\000l\000s}{chapter.1}% 2
\BOOKMARK [1][-]{section.1.2}{\376\377\000P\000r\000o\000b\000l\000e\000m\000\040\000D\000e\000f\000i\000n\000i\000t\000i\000o\000n}{chapter.1}% 3
\BOOKMARK [1][-]{section.1.3}{\376\377\000C\000o\000n\000s\000t\000r\000a\000i\000n\000t\000s\000\040\000\046\000\040\000L\000i\000m\000i\000t\000a\000t\000i\000o\000n\000s}{chapter.1}% 4
\BOOKMARK [1][-]{section.1.4}{\376\377\000S\000y\000s\000t\000e\000m\000\040\000O\000v\000e\000r\000v\000i\000e\000w}{chapter.1}% 5
\BOOKMARK [0][-]{chapter.2}{\376\377\000M\000a\000c\000h\000i\000n\000e\000\040\000V\000i\000s\000i\000o\000n}{}% 6
\BOOKMARK [1][-]{section.2.1}{\376\377\000C\000a\000l\000i\000b\000r\000a\000t\000i\000o\000n}{chapter.2}% 7
\BOOKMARK [1][-]{section.2.2}{\376\377\000H\000o\000m\000o\000g\000r\000a\000p\000h\000y}{chapter.2}% 8
\BOOKMARK [1][-]{section.2.3}{\376\377\000F\000i\000n\000d\000i\000n\000g\000\040\000c\000i\000r\000c\000u\000l\000a\000r\000\040\000o\000b\000j\000e\000c\000t\000s}{chapter.2}% 9
\BOOKMARK [1][-]{section.2.4}{\376\377\000I\000m\000p\000l\000e\000m\000e\000n\000t\000a\000t\000i\000o\000n\000\040\000w\000i\000t\000h\000\040\000O\000p\000e\000n\000C\000V}{chapter.2}% 10
\BOOKMARK [0][-]{chapter.3}{\376\377\000T\000r\000a\000j\000e\000c\000t\000o\000r\000y\000\040\000P\000l\000a\000n\000n\000i\000n\000g}{}% 11
\BOOKMARK [1][-]{section.3.1}{\376\377\000P\000h\000y\000s\000i\000c\000s}{chapter.3}% 12
\BOOKMARK [1][-]{section.3.2}{\376\377\000K\000i\000n\000e\000m\000a\000t\000i\000c\000s}{chapter.3}% 13
\BOOKMARK [2][-]{subsection.3.2.1}{\376\377\000M\000A\000T\000L\000A\000B\000\040\000C\000o\000m\000m\000u\000n\000i\000c\000a\000t\000i\000o\000n}{section.3.2}% 14
\BOOKMARK [0][-]{chapter.4}{\376\377\000R\000o\000b\000o\000t\000\040\000C\000o\000n\000t\000r\000o\000l}{}% 15
\BOOKMARK [1][-]{section.4.1}{\376\377\000G\000r\000i\000p\000p\000e\000r}{chapter.4}% 16
\BOOKMARK [1][-]{section.4.2}{\376\377\000U\000R\0005}{chapter.4}% 17
\BOOKMARK [0][-]{chapter.5}{\376\377\000D\000a\000t\000a\000\040\000C\000o\000l\000l\000e\000c\000t\000i\000o\000n}{}% 18
\BOOKMARK [0][-]{chapter.6}{\376\377\000E\000v\000a\000l\000u\000a\000t\000i\000o\000n}{}% 19
\BOOKMARK [0][-]{chapter.7}{\376\377\000D\000i\000s\000c\000u\000s\000s\000i\000o\000n}{}% 20
\BOOKMARK [0][-]{chapter.8}{\376\377\000C\000o\000n\000c\000l\000u\000s\000i\000o\000n}{}% 21
\BOOKMARK [0][-]{chapter.9}{\376\377\000R\000e\000f\000e\000r\000e\000n\000c\000e\000s}{}% 22
\BOOKMARK [0][-]{appendix.A}{\376\377\000D\000i\000s\000t\000r\000i\000b\000u\000t\000i\000o\000n\000\040\000o\000f\000\040\000t\000a\000s\000k\000s}{}% 23
\BOOKMARK [0][-]{appendix.B}{\376\377\000C\000o\000d\000e}{}% 24
